This file contains any messages produced by compilers while
running configure, to aid debugging if configure makes a mistake.

It was created by libserialport configure 0.1.2, which was
generated by GNU Autoconf 2.71.  Invocation command line was

  $ ./configure --host=i686-w64-mingw32 --enable-static --disable-shared

## --------- ##
## Platform. ##
## --------- ##

hostname = usagipc
uname -m = x86_64
uname -r = 6.1.0-27-amd64
uname -s = Linux
uname -v = #1 SMP PREEMPT_DYNAMIC Debian 6.1.115-1 (2024-11-01)

/usr/bin/uname -p = unknown
/bin/uname -X     = unknown

/bin/arch              = x86_64
/usr/bin/arch -k       = unknown
/usr/convex/getsysinfo = unknown
/usr/bin/hostinfo      = unknown
/bin/machine           = unknown
/usr/bin/oslevel       = unknown
/bin/universe          = unknown

PATH: /usr/local/bin/
PATH: /usr/bin/
PATH: /bin/
PATH: /usr/local/games/
PATH: /usr/games/


## ----------- ##
## Core tests. ##
## ----------- ##

configure:2538: looking for aux files: config.guess config.sub ltmain.sh compile ar-lib missing install-sh
configure:2551:  trying ./autostuff/
configure:2580:   ./autostuff/config.guess found
configure:2580:   ./autostuff/config.sub found
configure:2580:   ./autostuff/ltmain.sh found
configure:2580:   ./autostuff/compile found
configure:2580:   ./autostuff/ar-lib found
configure:2580:   ./autostuff/missing found
configure:2562:   ./autostuff/install-sh found
configure:2717: checking for a BSD-compatible install
configure:2790: result: /usr/bin/install -c
configure:2801: checking whether build environment is sane
configure:2856: result: yes
configure:2912: checking for i686-w64-mingw32-strip
configure:2933: found /usr/bin/i686-w64-mingw32-strip
configure:2944: result: i686-w64-mingw32-strip
configure:3015: checking for a race-free mkdir -p
configure:3059: result: /usr/bin/mkdir -p
configure:3066: checking for gawk
configure:3087: found /usr/bin/gawk
configure:3098: result: gawk
configure:3109: checking whether make sets $(MAKE)
configure:3132: result: yes
configure:3162: checking whether make supports nested variables
configure:3180: result: yes
configure:3323: checking whether make supports nested variables
configure:3341: result: yes
configure:3365: checking whether make supports the include directive
configure:3380: make -f confmf.GNU && cat confinc.out
this is the am__doit target
configure:3383: $? = 0
configure:3402: result: yes (GNU style)
configure:3433: checking for i686-w64-mingw32-gcc
configure:3454: found /usr/bin/i686-w64-mingw32-gcc
configure:3465: result: i686-w64-mingw32-gcc
configure:3863: checking for C compiler version
configure:3872: i686-w64-mingw32-gcc --version >&5
i686-w64-mingw32-gcc (GCC) 12-win32
Copyright (C) 2022 Free Software Foundation, Inc.
This is free software; see the source for copying conditions.  There is NO
warranty; not even for MERCHANTABILITY or FITNESS FOR A PARTICULAR PURPOSE.

configure:3883: $? = 0
configure:3872: i686-w64-mingw32-gcc -v >&5
Using built-in specs.
COLLECT_GCC=i686-w64-mingw32-gcc
COLLECT_LTO_WRAPPER=/usr/lib/gcc/i686-w64-mingw32/12-win32/lto-wrapper
Target: i686-w64-mingw32
Configured with: ../../src/configure --build=x86_64-linux-gnu --prefix=/usr --includedir='/usr/include' --mandir='/usr/share/man' --infodir='/usr/share/info' --sysconfdir=/etc --localstatedir=/var --disable-option-checking --disable-silent-rules --libdir='/usr/lib/x86_64-linux-gnu' --libexecdir='/usr/lib/x86_64-linux-gnu' --disable-maintainer-mode --disable-dependency-tracking --prefix=/usr --enable-shared --enable-static --disable-multilib --with-system-zlib --libexecdir=/usr/lib --without-included-gettext --libdir=/usr/lib --enable-libstdcxx-time=yes --with-tune=generic --with-headers --enable-version-specific-runtime-libs --enable-fully-dynamic-string --enable-libgomp --enable-languages=c,c++,fortran,objc,obj-c++,ada --enable-lto --enable-threads=win32 --program-suffix=-win32 --program-prefix=i686-w64-mingw32- --target=i686-w64-mingw32 --with-as=/usr/bin/i686-w64-mingw32-as --with-ld=/usr/bin/i686-w64-mingw32-ld --enable-libatomic --enable-libstdcxx-filesystem-ts=yes --enable-dependency-tracking SED=/bin/sed --disable-sjlj-exceptions --with-dwarf2
Thread model: win32
Supported LTO compression algorithms: zlib
gcc version 12-win32 (GCC) 
configure:3883: $? = 0
configure:3872: i686-w64-mingw32-gcc -V >&5
i686-w64-mingw32-gcc: error: unrecognized command-line option '-V'
i686-w64-mingw32-gcc: fatal error: no input files
compilation terminated.
configure:3883: $? = 1
configure:3872: i686-w64-mingw32-gcc -qversion >&5
i686-w64-mingw32-gcc: error: unrecognized command-line option '-qversion'; did you mean '--version'?
i686-w64-mingw32-gcc: fatal error: no input files
compilation terminated.
configure:3883: $? = 1
configure:3872: i686-w64-mingw32-gcc -version >&5
i686-w64-mingw32-gcc: error: unrecognized command-line option '-version'
i686-w64-mingw32-gcc: fatal error: no input files
compilation terminated.
configure:3883: $? = 1
configure:3903: checking whether the C compiler works
configure:3925: i686-w64-mingw32-gcc    conftest.c  >&5
configure:3929: $? = 0
configure:3979: result: yes
configure:3982: checking for C compiler default output file name
configure:3984: result: a.exe
configure:3990: checking for suffix of executables
configure:3997: i686-w64-mingw32-gcc -o conftest.exe    conftest.c  >&5
configure:4001: $? = 0
configure:4024: result: .exe
configure:4046: checking whether we are cross compiling
configure:4054: i686-w64-mingw32-gcc -o conftest.exe    conftest.c  >&5
configure:4058: $? = 0
configure:4065: ./conftest.exe
run-detectors: unable to find an interpreter for ./conftest.exe
configure:4069: $? = 2
configure:4084: result: yes
configure:4089: checking for suffix of object files
configure:4112: i686-w64-mingw32-gcc -c   conftest.c >&5
configure:4116: $? = 0
configure:4138: result: o
configure:4142: checking whether the compiler supports GNU C
configure:4162: i686-w64-mingw32-gcc -c   conftest.c >&5
configure:4162: $? = 0
configure:4172: result: yes
configure:4183: checking whether i686-w64-mingw32-gcc accepts -g
configure:4204: i686-w64-mingw32-gcc -c -g  conftest.c >&5
configure:4204: $? = 0
configure:4248: result: yes
configure:4268: checking for i686-w64-mingw32-gcc option to enable C11 features
configure:4283: i686-w64-mingw32-gcc  -c -g -O2  conftest.c >&5
configure:4283: $? = 0
configure:4301: result: none needed
configure:4417: checking whether i686-w64-mingw32-gcc understands -c and -o together
configure:4440: i686-w64-mingw32-gcc -c conftest.c -o conftest2.o
configure:4443: $? = 0
configure:4440: i686-w64-mingw32-gcc -c conftest.c -o conftest2.o
configure:4443: $? = 0
configure:4455: result: yes
configure:4474: checking dependency style of i686-w64-mingw32-gcc
configure:4586: result: gcc3
configure:4608: checking for i686-w64-mingw32-ar
configure:4629: found /usr/bin/i686-w64-mingw32-ar
configure:4640: result: i686-w64-mingw32-ar
configure:4715: checking the archiver (i686-w64-mingw32-ar) interface
configure:4732: i686-w64-mingw32-gcc -c -g -O2  conftest.c >&5
configure:4732: $? = 0
configure:4735: i686-w64-mingw32-ar cru libconftest.a conftest.o >&5
i686-w64-mingw32-ar: `u' modifier ignored since `D' is the default (see `U')
configure:4738: $? = 0
configure:4766: result: ar
configure:4796: checking for i686-w64-mingw32-gcc
configure:4828: result: i686-w64-mingw32-gcc
configure:5226: checking for C compiler version
configure:5235: i686-w64-mingw32-gcc --version >&5
i686-w64-mingw32-gcc (GCC) 12-win32
Copyright (C) 2022 Free Software Foundation, Inc.
This is free software; see the source for copying conditions.  There is NO
warranty; not even for MERCHANTABILITY or FITNESS FOR A PARTICULAR PURPOSE.

configure:5246: $? = 0
configure:5235: i686-w64-mingw32-gcc -v >&5
Using built-in specs.
COLLECT_GCC=i686-w64-mingw32-gcc
COLLECT_LTO_WRAPPER=/usr/lib/gcc/i686-w64-mingw32/12-win32/lto-wrapper
Target: i686-w64-mingw32
Configured with: ../../src/configure --build=x86_64-linux-gnu --prefix=/usr --includedir='/usr/include' --mandir='/usr/share/man' --infodir='/usr/share/info' --sysconfdir=/etc --localstatedir=/var --disable-option-checking --disable-silent-rules --libdir='/usr/lib/x86_64-linux-gnu' --libexecdir='/usr/lib/x86_64-linux-gnu' --disable-maintainer-mode --disable-dependency-tracking --prefix=/usr --enable-shared --enable-static --disable-multilib --with-system-zlib --libexecdir=/usr/lib --without-included-gettext --libdir=/usr/lib --enable-libstdcxx-time=yes --with-tune=generic --with-headers --enable-version-specific-runtime-libs --enable-fully-dynamic-string --enable-libgomp --enable-languages=c,c++,fortran,objc,obj-c++,ada --enable-lto --enable-threads=win32 --program-suffix=-win32 --program-prefix=i686-w64-mingw32- --target=i686-w64-mingw32 --with-as=/usr/bin/i686-w64-mingw32-as --with-ld=/usr/bin/i686-w64-mingw32-ld --enable-libatomic --enable-libstdcxx-filesystem-ts=yes --enable-dependency-tracking SED=/bin/sed --disable-sjlj-exceptions --with-dwarf2
Thread model: win32
Supported LTO compression algorithms: zlib
gcc version 12-win32 (GCC) 
configure:5246: $? = 0
configure:5235: i686-w64-mingw32-gcc -V >&5
i686-w64-mingw32-gcc: error: unrecognized command-line option '-V'
i686-w64-mingw32-gcc: fatal error: no input files
compilation terminated.
configure:5246: $? = 1
configure:5235: i686-w64-mingw32-gcc -qversion >&5
i686-w64-mingw32-gcc: error: unrecognized command-line option '-qversion'; did you mean '--version'?
i686-w64-mingw32-gcc: fatal error: no input files
compilation terminated.
configure:5246: $? = 1
configure:5235: i686-w64-mingw32-gcc -version >&5
i686-w64-mingw32-gcc: error: unrecognized command-line option '-version'
i686-w64-mingw32-gcc: fatal error: no input files
compilation terminated.
configure:5246: $? = 1
configure:5250: checking whether the compiler supports GNU C
configure:5280: result: yes
configure:5291: checking whether i686-w64-mingw32-gcc accepts -g
configure:5356: result: yes
configure:5376: checking for i686-w64-mingw32-gcc option to enable C11 features
configure:5409: result: none needed
configure:5525: checking whether i686-w64-mingw32-gcc understands -c and -o together
configure:5563: result: yes
configure:5582: checking dependency style of i686-w64-mingw32-gcc
configure:5694: result: gcc3
configure:5710: checking whether ln -s works
configure:5714: result: yes
configure:5767: checking build system type
configure:5782: result: x86_64-pc-linux-gnu
configure:5802: checking host system type
configure:5816: result: i686-w64-mingw32
configure:5857: checking how to print strings
configure:5884: result: printf
configure:5905: checking for a sed that does not truncate output
configure:5975: result: /usr/bin/sed
configure:5993: checking for grep that handles long lines and -e
configure:6057: result: /usr/bin/grep
configure:6062: checking for egrep
configure:6130: result: /usr/bin/grep -E
configure:6135: checking for fgrep
configure:6203: result: /usr/bin/grep -F
configure:6239: checking for ld used by i686-w64-mingw32-gcc
configure:6307: result: /usr/bin/i686-w64-mingw32-ld
configure:6314: checking if the linker (/usr/bin/i686-w64-mingw32-ld) is GNU ld
configure:6330: result: yes
configure:6342: checking for BSD- or MS-compatible name lister (nm)
configure:6397: result: /usr/bin/i686-w64-mingw32-nm -B
configure:6537: checking the name lister (/usr/bin/i686-w64-mingw32-nm -B) interface
configure:6545: i686-w64-mingw32-gcc -c -g -O2  conftest.c >&5
configure:6548: /usr/bin/i686-w64-mingw32-nm -B "conftest.o"
configure:6551: output
00000000 b .bss
00000000 d .data
00000000 N .debug_abbrev
00000000 N .debug_aranges
00000000 N .debug_info
00000000 N .debug_line
00000000 N .debug_line_str
00000000 r .rdata$zzz
00000000 t .text
00000000 B _some_variable
configure:6558: result: BSD nm
configure:6562: checking the maximum length of command line arguments
configure:6694: result: 1572864
configure:6742: checking how to convert x86_64-pc-linux-gnu file names to i686-w64-mingw32 format
configure:6783: result: func_convert_file_nix_to_w32
configure:6790: checking how to convert x86_64-pc-linux-gnu file names to toolchain format
configure:6811: result: func_convert_file_noop
configure:6818: checking for /usr/bin/i686-w64-mingw32-ld option to reload object files
configure:6826: result: -r
configure:6860: checking for i686-w64-mingw32-file
configure:6895: result: no
configure:6905: checking for file
configure:6926: found /usr/bin/file
configure:6937: result: file
configure:6949: WARNING: using cross tools not prefixed with host triplet
configure:6968: checking for i686-w64-mingw32-objdump
configure:6989: found /usr/bin/i686-w64-mingw32-objdump
configure:7000: result: i686-w64-mingw32-objdump
configure:7077: checking how to recognize dependent libraries
configure:7278: result: file_magic ^x86 archive import|^x86 DLL
configure:7323: checking for i686-w64-mingw32-dlltool
configure:7344: found /usr/bin/i686-w64-mingw32-dlltool
configure:7355: result: i686-w64-mingw32-dlltool
configure:7433: checking how to associate runtime and link libraries
configure:7461: result: func_cygming_dll_for_implib
configure:7477: checking for i686-w64-mingw32-ar
configure:7509: result: i686-w64-mingw32-ar
configure:7611: checking for archiver @FILE support
configure:7629: i686-w64-mingw32-gcc -c -g -O2  conftest.c >&5
configure:7629: $? = 0
configure:7633: i686-w64-mingw32-ar cr libconftest.a @conftest.lst >&5
configure:7636: $? = 0
configure:7641: i686-w64-mingw32-ar cr libconftest.a @conftest.lst >&5
i686-w64-mingw32-ar: conftest.o: No such file or directory
configure:7644: $? = 1
configure:7656: result: @
configure:7674: checking for i686-w64-mingw32-strip
configure:7706: result: i686-w64-mingw32-strip
configure:7783: checking for i686-w64-mingw32-ranlib
configure:7804: found /usr/bin/i686-w64-mingw32-ranlib
configure:7815: result: i686-w64-mingw32-ranlib
configure:7962: checking command to parse /usr/bin/i686-w64-mingw32-nm -B output from i686-w64-mingw32-gcc object
configure:8116: i686-w64-mingw32-gcc -c -g -O2  conftest.c >&5
configure:8119: $? = 0
configure:8123: /usr/bin/i686-w64-mingw32-nm -B conftest.o | /usr/bin/sed -n -e 's/^.*[	 ]\([ABCDGIRSTW][ABCDGIRSTW]*\)[	 ][	 ]*\([_A-Za-z][_A-Za-z0-9]*\)$/\1 \2 \2/p' | /usr/bin/sed '/ __gnu_lto/d' > conftest.nm
cannot find nm_test_var in conftest.nm
configure:8116: i686-w64-mingw32-gcc -c -g -O2  conftest.c >&5
configure:8119: $? = 0
configure:8123: /usr/bin/i686-w64-mingw32-nm -B conftest.o | /usr/bin/sed -n -e 's/^.*[	 ]\([ABCDGIRSTW][ABCDGIRSTW]*\)[	 ][	 ]*_\([_A-Za-z][_A-Za-z0-9]*\)$/\1 _\2 \2/p' | /usr/bin/sed '/ __gnu_lto/d' > conftest.nm
configure:8189: i686-w64-mingw32-gcc -o conftest.exe -g -O2   conftest.c conftstm.o >&5
configure:8192: $? = 0
configure:8230: result: ok
configure:8277: checking for sysroot
configure:8308: result: no
configure:8315: checking for a working dd
configure:8359: result: /usr/bin/dd
configure:8363: checking how to truncate binary pipes
configure:8379: result: /usr/bin/dd bs=4096 count=1
configure:8671: checking for i686-w64-mingw32-mt
configure:8706: result: no
configure:8716: checking for mt
configure:8737: found /usr/bin/mt
configure:8748: result: mt
configure:8771: checking if mt is a manifest tool
configure:8778: mt '-?'
configure:8786: result: no
configure:9511: checking for stdio.h
configure:9511: i686-w64-mingw32-gcc -c -g -O2  conftest.c >&5
configure:9511: $? = 0
configure:9511: result: yes
configure:9511: checking for stdlib.h
configure:9511: i686-w64-mingw32-gcc -c -g -O2  conftest.c >&5
configure:9511: $? = 0
configure:9511: result: yes
configure:9511: checking for string.h
configure:9511: i686-w64-mingw32-gcc -c -g -O2  conftest.c >&5
configure:9511: $? = 0
configure:9511: result: yes
configure:9511: checking for inttypes.h
configure:9511: i686-w64-mingw32-gcc -c -g -O2  conftest.c >&5
configure:9511: $? = 0
configure:9511: result: yes
configure:9511: checking for stdint.h
configure:9511: i686-w64-mingw32-gcc -c -g -O2  conftest.c >&5
configure:9511: $? = 0
configure:9511: result: yes
configure:9511: checking for strings.h
configure:9511: i686-w64-mingw32-gcc -c -g -O2  conftest.c >&5
configure:9511: $? = 0
configure:9511: result: yes
configure:9511: checking for sys/stat.h
configure:9511: i686-w64-mingw32-gcc -c -g -O2  conftest.c >&5
configure:9511: $? = 0
configure:9511: result: yes
configure:9511: checking for sys/types.h
configure:9511: i686-w64-mingw32-gcc -c -g -O2  conftest.c >&5
configure:9511: $? = 0
configure:9511: result: yes
configure:9511: checking for unistd.h
configure:9511: i686-w64-mingw32-gcc -c -g -O2  conftest.c >&5
configure:9511: $? = 0
configure:9511: result: yes
configure:9536: checking for dlfcn.h
configure:9536: i686-w64-mingw32-gcc -c -g -O2  conftest.c >&5
conftest.c:48:10: fatal error: dlfcn.h: No such file or directory
   48 | #include <dlfcn.h>
      |          ^~~~~~~~~
compilation terminated.
configure:9536: $? = 1
configure: failed program was:
| /* confdefs.h */
| #define PACKAGE_NAME "libserialport"
| #define PACKAGE_TARNAME "libserialport"
| #define PACKAGE_VERSION "0.1.2"
| #define PACKAGE_STRING "libserialport 0.1.2"
| #define PACKAGE_BUGREPORT "martin-libserialport@earth.li"
| #define PACKAGE_URL "http://sigrok.org/wiki/Libserialport"
| #define HAVE_STDIO_H 1
| #define HAVE_STDLIB_H 1
| #define HAVE_STRING_H 1
| #define HAVE_INTTYPES_H 1
| #define HAVE_STDINT_H 1
| #define HAVE_STRINGS_H 1
| #define HAVE_SYS_STAT_H 1
| #define HAVE_SYS_TYPES_H 1
| #define HAVE_UNISTD_H 1
| #define STDC_HEADERS 1
| /* end confdefs.h.  */
| #include <stddef.h>
| #ifdef HAVE_STDIO_H
| # include <stdio.h>
| #endif
| #ifdef HAVE_STDLIB_H
| # include <stdlib.h>
| #endif
| #ifdef HAVE_STRING_H
| # include <string.h>
| #endif
| #ifdef HAVE_INTTYPES_H
| # include <inttypes.h>
| #endif
| #ifdef HAVE_STDINT_H
| # include <stdint.h>
| #endif
| #ifdef HAVE_STRINGS_H
| # include <strings.h>
| #endif
| #ifdef HAVE_SYS_TYPES_H
| # include <sys/types.h>
| #endif
| #ifdef HAVE_SYS_STAT_H
| # include <sys/stat.h>
| #endif
| #ifdef HAVE_UNISTD_H
| # include <unistd.h>
| #endif
| 
| #include <dlfcn.h>
configure:9536: result: no
configure:9795: checking for objdir
configure:9811: result: .libs
configure:10075: checking if i686-w64-mingw32-gcc supports -fno-rtti -fno-exceptions
configure:10094: i686-w64-mingw32-gcc -c -g -O2  -fno-rtti -fno-exceptions conftest.c >&5
cc1: warning: command-line option '-fno-rtti' is valid for C++/D/ObjC++ but not for C
configure:10098: $? = 0
configure:10111: result: no
configure:10475: checking for i686-w64-mingw32-gcc option to produce PIC
configure:10483: result: -DDLL_EXPORT -DPIC
configure:10491: checking if i686-w64-mingw32-gcc PIC flag -DDLL_EXPORT -DPIC works
configure:10510: i686-w64-mingw32-gcc -c -g -O2  -DDLL_EXPORT -DPIC -DPIC conftest.c >&5
configure:10514: $? = 0
configure:10527: result: yes
configure:10556: checking if i686-w64-mingw32-gcc static flag -static works
configure:10585: result: yes
configure:10600: checking if i686-w64-mingw32-gcc supports -c -o file.o
configure:10622: i686-w64-mingw32-gcc -c -g -O2  -o out/conftest2.o conftest.c >&5
configure:10626: $? = 0
configure:10648: result: yes
configure:10656: checking if i686-w64-mingw32-gcc supports -c -o file.o
configure:10704: result: yes
configure:10737: checking whether the i686-w64-mingw32-gcc linker (/usr/bin/i686-w64-mingw32-ld) supports shared libraries
configure:12011: result: yes
configure:12252: checking dynamic linker characteristics
configure:13085: result: Win32 ld.exe
configure:13207: checking how to hardcode library paths into programs
configure:13232: result: immediate
configure:13784: checking whether stripping libraries is possible
configure:13793: result: yes
configure:13835: checking if libtool supports shared libraries
configure:13837: result: yes
configure:13840: checking whether to build shared libraries
configure:13865: result: no
configure:13868: checking whether to build static libraries
configure:13872: result: yes
configure:14028: checking for special C compiler options needed for large files
configure:14076: result: no
configure:14082: checking for _FILE_OFFSET_BITS value needed for large files
configure:14108: i686-w64-mingw32-gcc -c -g -O2  conftest.c >&5
conftest.c:33:39: warning: result of '-2147483648 << 31' requires 63 bits to represent, but 'long int' only has 32 bits [-Wshift-overflow=]
   33 | #define LARGE_OFF_T (((off_t) 1 << 31 << 31) - 1 + ((off_t) 1 << 31 << 31))
      |                                       ^~
conftest.c:34:23: note: in expansion of macro 'LARGE_OFF_T'
   34 |   int off_t_is_large[(LARGE_OFF_T % 2147483629 == 721
      |                       ^~~~~~~~~~~
conftest.c:33:69: warning: result of '-2147483648 << 31' requires 63 bits to represent, but 'long int' only has 32 bits [-Wshift-overflow=]
   33 | #define LARGE_OFF_T (((off_t) 1 << 31 << 31) - 1 + ((off_t) 1 << 31 << 31))
      |                                                                     ^~
conftest.c:34:23: note: in expansion of macro 'LARGE_OFF_T'
   34 |   int off_t_is_large[(LARGE_OFF_T % 2147483629 == 721
      |                       ^~~~~~~~~~~
conftest.c:33:39: warning: result of '-2147483648 << 31' requires 63 bits to represent, but 'long int' only has 32 bits [-Wshift-overflow=]
   33 | #define LARGE_OFF_T (((off_t) 1 << 31 << 31) - 1 + ((off_t) 1 << 31 << 31))
      |                                       ^~
conftest.c:35:27: note: in expansion of macro 'LARGE_OFF_T'
   35 |                        && LARGE_OFF_T % 2147483647 == 1)
      |                           ^~~~~~~~~~~
conftest.c:33:69: warning: result of '-2147483648 << 31' requires 63 bits to represent, but 'long int' only has 32 bits [-Wshift-overflow=]
   33 | #define LARGE_OFF_T (((off_t) 1 << 31 << 31) - 1 + ((off_t) 1 << 31 << 31))
      |                                                                     ^~
conftest.c:35:27: note: in expansion of macro 'LARGE_OFF_T'
   35 |                        && LARGE_OFF_T % 2147483647 == 1)
      |                           ^~~~~~~~~~~
conftest.c:34:7: error: variably modified 'off_t_is_large' at file scope
   34 |   int off_t_is_large[(LARGE_OFF_T % 2147483629 == 721
      |       ^~~~~~~~~~~~~~
configure:14108: $? = 1
configure: failed program was:
| /* confdefs.h */
| #define PACKAGE_NAME "libserialport"
| #define PACKAGE_TARNAME "libserialport"
| #define PACKAGE_VERSION "0.1.2"
| #define PACKAGE_STRING "libserialport 0.1.2"
| #define PACKAGE_BUGREPORT "martin-libserialport@earth.li"
| #define PACKAGE_URL "http://sigrok.org/wiki/Libserialport"
| #define HAVE_STDIO_H 1
| #define HAVE_STDLIB_H 1
| #define HAVE_STRING_H 1
| #define HAVE_INTTYPES_H 1
| #define HAVE_STDINT_H 1
| #define HAVE_STRINGS_H 1
| #define HAVE_SYS_STAT_H 1
| #define HAVE_SYS_TYPES_H 1
| #define HAVE_UNISTD_H 1
| #define STDC_HEADERS 1
| #define LT_OBJDIR ".libs/"
| #define SP_PACKAGE_VERSION_MAJOR 0
| #define SP_PACKAGE_VERSION_MINOR 1
| #define SP_PACKAGE_VERSION_MICRO 2
| #define SP_PACKAGE_VERSION_STRING "0.1.2"
| #define SP_LIB_VERSION_CURRENT 1
| #define SP_LIB_VERSION_REVISION 1
| #define SP_LIB_VERSION_AGE 1
| #define SP_LIB_VERSION_STRING "1:1:1"
| /* end confdefs.h.  */
| #include <sys/types.h>
|  /* Check that off_t can represent 2**63 - 1 correctly.
|     We can't simply define LARGE_OFF_T to be 9223372036854775807,
|     since some C++ compilers masquerading as C compilers
|     incorrectly reject 9223372036854775807.  */
| #define LARGE_OFF_T (((off_t) 1 << 31 << 31) - 1 + ((off_t) 1 << 31 << 31))
|   int off_t_is_large[(LARGE_OFF_T % 2147483629 == 721
| 		       && LARGE_OFF_T % 2147483647 == 1)
| 		      ? 1 : -1];
| int
| main (void)
| {
| 
|   ;
|   return 0;
| }
configure:14133: i686-w64-mingw32-gcc -c -g -O2  conftest.c >&5
configure:14133: $? = 0
configure:14142: result: 64
configure:14226: checking for size_t
configure:14226: i686-w64-mingw32-gcc -c -g -O2  conftest.c >&5
configure:14226: $? = 0
configure:14226: i686-w64-mingw32-gcc -c -g -O2  conftest.c >&5
conftest.c: In function 'main':
conftest.c:60:21: error: expected expression before ')' token
   60 | if (sizeof ((size_t)))
      |                     ^
configure:14226: $? = 1
configure: failed program was:
| /* confdefs.h */
| #define PACKAGE_NAME "libserialport"
| #define PACKAGE_TARNAME "libserialport"
| #define PACKAGE_VERSION "0.1.2"
| #define PACKAGE_STRING "libserialport 0.1.2"
| #define PACKAGE_BUGREPORT "martin-libserialport@earth.li"
| #define PACKAGE_URL "http://sigrok.org/wiki/Libserialport"
| #define HAVE_STDIO_H 1
| #define HAVE_STDLIB_H 1
| #define HAVE_STRING_H 1
| #define HAVE_INTTYPES_H 1
| #define HAVE_STDINT_H 1
| #define HAVE_STRINGS_H 1
| #define HAVE_SYS_STAT_H 1
| #define HAVE_SYS_TYPES_H 1
| #define HAVE_UNISTD_H 1
| #define STDC_HEADERS 1
| #define LT_OBJDIR ".libs/"
| #define SP_PACKAGE_VERSION_MAJOR 0
| #define SP_PACKAGE_VERSION_MINOR 1
| #define SP_PACKAGE_VERSION_MICRO 2
| #define SP_PACKAGE_VERSION_STRING "0.1.2"
| #define SP_LIB_VERSION_CURRENT 1
| #define SP_LIB_VERSION_REVISION 1
| #define SP_LIB_VERSION_AGE 1
| #define SP_LIB_VERSION_STRING "1:1:1"
| #define _FILE_OFFSET_BITS 64
| /* end confdefs.h.  */
| #include <stddef.h>
| #ifdef HAVE_STDIO_H
| # include <stdio.h>
| #endif
| #ifdef HAVE_STDLIB_H
| # include <stdlib.h>
| #endif
| #ifdef HAVE_STRING_H
| # include <string.h>
| #endif
| #ifdef HAVE_INTTYPES_H
| # include <inttypes.h>
| #endif
| #ifdef HAVE_STDINT_H
| # include <stdint.h>
| #endif
| #ifdef HAVE_STRINGS_H
| # include <strings.h>
| #endif
| #ifdef HAVE_SYS_TYPES_H
| # include <sys/types.h>
| #endif
| #ifdef HAVE_SYS_STAT_H
| # include <sys/stat.h>
| #endif
| #ifdef HAVE_UNISTD_H
| # include <unistd.h>
| #endif
| int
| main (void)
| {
| if (sizeof ((size_t)))
| 	    return 0;
|   ;
|   return 0;
| }
configure:14226: result: yes
configure:14238: checking for struct termios2
configure:14238: i686-w64-mingw32-gcc -c -g -O2  conftest.c >&5
conftest.c:29:10: fatal error: linux/termios.h: No such file or directory
   29 | #include <linux/termios.h>
      |          ^~~~~~~~~~~~~~~~~
compilation terminated.
configure:14238: $? = 1
configure: failed program was:
| /* confdefs.h */
| #define PACKAGE_NAME "libserialport"
| #define PACKAGE_TARNAME "libserialport"
| #define PACKAGE_VERSION "0.1.2"
| #define PACKAGE_STRING "libserialport 0.1.2"
| #define PACKAGE_BUGREPORT "martin-libserialport@earth.li"
| #define PACKAGE_URL "http://sigrok.org/wiki/Libserialport"
| #define HAVE_STDIO_H 1
| #define HAVE_STDLIB_H 1
| #define HAVE_STRING_H 1
| #define HAVE_INTTYPES_H 1
| #define HAVE_STDINT_H 1
| #define HAVE_STRINGS_H 1
| #define HAVE_SYS_STAT_H 1
| #define HAVE_SYS_TYPES_H 1
| #define HAVE_UNISTD_H 1
| #define STDC_HEADERS 1
| #define LT_OBJDIR ".libs/"
| #define SP_PACKAGE_VERSION_MAJOR 0
| #define SP_PACKAGE_VERSION_MINOR 1
| #define SP_PACKAGE_VERSION_MICRO 2
| #define SP_PACKAGE_VERSION_STRING "0.1.2"
| #define SP_LIB_VERSION_CURRENT 1
| #define SP_LIB_VERSION_REVISION 1
| #define SP_LIB_VERSION_AGE 1
| #define SP_LIB_VERSION_STRING "1:1:1"
| #define _FILE_OFFSET_BITS 64
| /* end confdefs.h.  */
| #include <linux/termios.h>
| 
| int
| main (void)
| {
| if (sizeof (struct termios2))
| 	 return 0;
|   ;
|   return 0;
| }
configure:14238: result: no
configure:14248: checking for struct termios.c_ispeed
configure:14248: i686-w64-mingw32-gcc -c -g -O2  conftest.c >&5
conftest.c:29:10: fatal error: linux/termios.h: No such file or directory
   29 | #include <linux/termios.h>
      |          ^~~~~~~~~~~~~~~~~
compilation terminated.
configure:14248: $? = 1
configure: failed program was:
| /* confdefs.h */
| #define PACKAGE_NAME "libserialport"
| #define PACKAGE_TARNAME "libserialport"
| #define PACKAGE_VERSION "0.1.2"
| #define PACKAGE_STRING "libserialport 0.1.2"
| #define PACKAGE_BUGREPORT "martin-libserialport@earth.li"
| #define PACKAGE_URL "http://sigrok.org/wiki/Libserialport"
| #define HAVE_STDIO_H 1
| #define HAVE_STDLIB_H 1
| #define HAVE_STRING_H 1
| #define HAVE_INTTYPES_H 1
| #define HAVE_STDINT_H 1
| #define HAVE_STRINGS_H 1
| #define HAVE_SYS_STAT_H 1
| #define HAVE_SYS_TYPES_H 1
| #define HAVE_UNISTD_H 1
| #define STDC_HEADERS 1
| #define LT_OBJDIR ".libs/"
| #define SP_PACKAGE_VERSION_MAJOR 0
| #define SP_PACKAGE_VERSION_MINOR 1
| #define SP_PACKAGE_VERSION_MICRO 2
| #define SP_PACKAGE_VERSION_STRING "0.1.2"
| #define SP_LIB_VERSION_CURRENT 1
| #define SP_LIB_VERSION_REVISION 1
| #define SP_LIB_VERSION_AGE 1
| #define SP_LIB_VERSION_STRING "1:1:1"
| #define _FILE_OFFSET_BITS 64
| /* end confdefs.h.  */
| #include <linux/termios.h>
| 
| int
| main (void)
| {
| static struct termios ac_aggr;
| if (ac_aggr.c_ispeed)
| return 0;
|   ;
|   return 0;
| }
configure:14248: i686-w64-mingw32-gcc -c -g -O2  conftest.c >&5
conftest.c:29:10: fatal error: linux/termios.h: No such file or directory
   29 | #include <linux/termios.h>
      |          ^~~~~~~~~~~~~~~~~
compilation terminated.
configure:14248: $? = 1
configure: failed program was:
| /* confdefs.h */
| #define PACKAGE_NAME "libserialport"
| #define PACKAGE_TARNAME "libserialport"
| #define PACKAGE_VERSION "0.1.2"
| #define PACKAGE_STRING "libserialport 0.1.2"
| #define PACKAGE_BUGREPORT "martin-libserialport@earth.li"
| #define PACKAGE_URL "http://sigrok.org/wiki/Libserialport"
| #define HAVE_STDIO_H 1
| #define HAVE_STDLIB_H 1
| #define HAVE_STRING_H 1
| #define HAVE_INTTYPES_H 1
| #define HAVE_STDINT_H 1
| #define HAVE_STRINGS_H 1
| #define HAVE_SYS_STAT_H 1
| #define HAVE_SYS_TYPES_H 1
| #define HAVE_UNISTD_H 1
| #define STDC_HEADERS 1
| #define LT_OBJDIR ".libs/"
| #define SP_PACKAGE_VERSION_MAJOR 0
| #define SP_PACKAGE_VERSION_MINOR 1
| #define SP_PACKAGE_VERSION_MICRO 2
| #define SP_PACKAGE_VERSION_STRING "0.1.2"
| #define SP_LIB_VERSION_CURRENT 1
| #define SP_LIB_VERSION_REVISION 1
| #define SP_LIB_VERSION_AGE 1
| #define SP_LIB_VERSION_STRING "1:1:1"
| #define _FILE_OFFSET_BITS 64
| /* end confdefs.h.  */
| #include <linux/termios.h>
| 
| int
| main (void)
| {
| static struct termios ac_aggr;
| if (sizeof ac_aggr.c_ispeed)
| return 0;
|   ;
|   return 0;
| }
configure:14248: result: no
configure:14257: checking for struct termios.c_ospeed
configure:14257: i686-w64-mingw32-gcc -c -g -O2  conftest.c >&5
conftest.c:29:10: fatal error: linux/termios.h: No such file or directory
   29 | #include <linux/termios.h>
      |          ^~~~~~~~~~~~~~~~~
compilation terminated.
configure:14257: $? = 1
configure: failed program was:
| /* confdefs.h */
| #define PACKAGE_NAME "libserialport"
| #define PACKAGE_TARNAME "libserialport"
| #define PACKAGE_VERSION "0.1.2"
| #define PACKAGE_STRING "libserialport 0.1.2"
| #define PACKAGE_BUGREPORT "martin-libserialport@earth.li"
| #define PACKAGE_URL "http://sigrok.org/wiki/Libserialport"
| #define HAVE_STDIO_H 1
| #define HAVE_STDLIB_H 1
| #define HAVE_STRING_H 1
| #define HAVE_INTTYPES_H 1
| #define HAVE_STDINT_H 1
| #define HAVE_STRINGS_H 1
| #define HAVE_SYS_STAT_H 1
| #define HAVE_SYS_TYPES_H 1
| #define HAVE_UNISTD_H 1
| #define STDC_HEADERS 1
| #define LT_OBJDIR ".libs/"
| #define SP_PACKAGE_VERSION_MAJOR 0
| #define SP_PACKAGE_VERSION_MINOR 1
| #define SP_PACKAGE_VERSION_MICRO 2
| #define SP_PACKAGE_VERSION_STRING "0.1.2"
| #define SP_LIB_VERSION_CURRENT 1
| #define SP_LIB_VERSION_REVISION 1
| #define SP_LIB_VERSION_AGE 1
| #define SP_LIB_VERSION_STRING "1:1:1"
| #define _FILE_OFFSET_BITS 64
| /* end confdefs.h.  */
| #include <linux/termios.h>
| 
| int
| main (void)
| {
| static struct termios ac_aggr;
| if (ac_aggr.c_ospeed)
| return 0;
|   ;
|   return 0;
| }
configure:14257: i686-w64-mingw32-gcc -c -g -O2  conftest.c >&5
conftest.c:29:10: fatal error: linux/termios.h: No such file or directory
   29 | #include <linux/termios.h>
      |          ^~~~~~~~~~~~~~~~~
compilation terminated.
configure:14257: $? = 1
configure: failed program was:
| /* confdefs.h */
| #define PACKAGE_NAME "libserialport"
| #define PACKAGE_TARNAME "libserialport"
| #define PACKAGE_VERSION "0.1.2"
| #define PACKAGE_STRING "libserialport 0.1.2"
| #define PACKAGE_BUGREPORT "martin-libserialport@earth.li"
| #define PACKAGE_URL "http://sigrok.org/wiki/Libserialport"
| #define HAVE_STDIO_H 1
| #define HAVE_STDLIB_H 1
| #define HAVE_STRING_H 1
| #define HAVE_INTTYPES_H 1
| #define HAVE_STDINT_H 1
| #define HAVE_STRINGS_H 1
| #define HAVE_SYS_STAT_H 1
| #define HAVE_SYS_TYPES_H 1
| #define HAVE_UNISTD_H 1
| #define STDC_HEADERS 1
| #define LT_OBJDIR ".libs/"
| #define SP_PACKAGE_VERSION_MAJOR 0
| #define SP_PACKAGE_VERSION_MINOR 1
| #define SP_PACKAGE_VERSION_MICRO 2
| #define SP_PACKAGE_VERSION_STRING "0.1.2"
| #define SP_LIB_VERSION_CURRENT 1
| #define SP_LIB_VERSION_REVISION 1
| #define SP_LIB_VERSION_AGE 1
| #define SP_LIB_VERSION_STRING "1:1:1"
| #define _FILE_OFFSET_BITS 64
| /* end confdefs.h.  */
| #include <linux/termios.h>
| 
| int
| main (void)
| {
| static struct termios ac_aggr;
| if (sizeof ac_aggr.c_ospeed)
| return 0;
|   ;
|   return 0;
| }
configure:14257: result: no
configure:14266: checking for struct termios2.c_ispeed
configure:14266: i686-w64-mingw32-gcc -c -g -O2  conftest.c >&5
conftest.c:29:10: fatal error: linux/termios.h: No such file or directory
   29 | #include <linux/termios.h>
      |          ^~~~~~~~~~~~~~~~~
compilation terminated.
configure:14266: $? = 1
configure: failed program was:
| /* confdefs.h */
| #define PACKAGE_NAME "libserialport"
| #define PACKAGE_TARNAME "libserialport"
| #define PACKAGE_VERSION "0.1.2"
| #define PACKAGE_STRING "libserialport 0.1.2"
| #define PACKAGE_BUGREPORT "martin-libserialport@earth.li"
| #define PACKAGE_URL "http://sigrok.org/wiki/Libserialport"
| #define HAVE_STDIO_H 1
| #define HAVE_STDLIB_H 1
| #define HAVE_STRING_H 1
| #define HAVE_INTTYPES_H 1
| #define HAVE_STDINT_H 1
| #define HAVE_STRINGS_H 1
| #define HAVE_SYS_STAT_H 1
| #define HAVE_SYS_TYPES_H 1
| #define HAVE_UNISTD_H 1
| #define STDC_HEADERS 1
| #define LT_OBJDIR ".libs/"
| #define SP_PACKAGE_VERSION_MAJOR 0
| #define SP_PACKAGE_VERSION_MINOR 1
| #define SP_PACKAGE_VERSION_MICRO 2
| #define SP_PACKAGE_VERSION_STRING "0.1.2"
| #define SP_LIB_VERSION_CURRENT 1
| #define SP_LIB_VERSION_REVISION 1
| #define SP_LIB_VERSION_AGE 1
| #define SP_LIB_VERSION_STRING "1:1:1"
| #define _FILE_OFFSET_BITS 64
| /* end confdefs.h.  */
| #include <linux/termios.h>
| 
| int
| main (void)
| {
| static struct termios2 ac_aggr;
| if (ac_aggr.c_ispeed)
| return 0;
|   ;
|   return 0;
| }
configure:14266: i686-w64-mingw32-gcc -c -g -O2  conftest.c >&5
conftest.c:29:10: fatal error: linux/termios.h: No such file or directory
   29 | #include <linux/termios.h>
      |          ^~~~~~~~~~~~~~~~~
compilation terminated.
configure:14266: $? = 1
configure: failed program was:
| /* confdefs.h */
| #define PACKAGE_NAME "libserialport"
| #define PACKAGE_TARNAME "libserialport"
| #define PACKAGE_VERSION "0.1.2"
| #define PACKAGE_STRING "libserialport 0.1.2"
| #define PACKAGE_BUGREPORT "martin-libserialport@earth.li"
| #define PACKAGE_URL "http://sigrok.org/wiki/Libserialport"
| #define HAVE_STDIO_H 1
| #define HAVE_STDLIB_H 1
| #define HAVE_STRING_H 1
| #define HAVE_INTTYPES_H 1
| #define HAVE_STDINT_H 1
| #define HAVE_STRINGS_H 1
| #define HAVE_SYS_STAT_H 1
| #define HAVE_SYS_TYPES_H 1
| #define HAVE_UNISTD_H 1
| #define STDC_HEADERS 1
| #define LT_OBJDIR ".libs/"
| #define SP_PACKAGE_VERSION_MAJOR 0
| #define SP_PACKAGE_VERSION_MINOR 1
| #define SP_PACKAGE_VERSION_MICRO 2
| #define SP_PACKAGE_VERSION_STRING "0.1.2"
| #define SP_LIB_VERSION_CURRENT 1
| #define SP_LIB_VERSION_REVISION 1
| #define SP_LIB_VERSION_AGE 1
| #define SP_LIB_VERSION_STRING "1:1:1"
| #define _FILE_OFFSET_BITS 64
| /* end confdefs.h.  */
| #include <linux/termios.h>
| 
| int
| main (void)
| {
| static struct termios2 ac_aggr;
| if (sizeof ac_aggr.c_ispeed)
| return 0;
|   ;
|   return 0;
| }
configure:14266: result: no
configure:14275: checking for struct termios2.c_ospeed
configure:14275: i686-w64-mingw32-gcc -c -g -O2  conftest.c >&5
conftest.c:29:10: fatal error: linux/termios.h: No such file or directory
   29 | #include <linux/termios.h>
      |          ^~~~~~~~~~~~~~~~~
compilation terminated.
configure:14275: $? = 1
configure: failed program was:
| /* confdefs.h */
| #define PACKAGE_NAME "libserialport"
| #define PACKAGE_TARNAME "libserialport"
| #define PACKAGE_VERSION "0.1.2"
| #define PACKAGE_STRING "libserialport 0.1.2"
| #define PACKAGE_BUGREPORT "martin-libserialport@earth.li"
| #define PACKAGE_URL "http://sigrok.org/wiki/Libserialport"
| #define HAVE_STDIO_H 1
| #define HAVE_STDLIB_H 1
| #define HAVE_STRING_H 1
| #define HAVE_INTTYPES_H 1
| #define HAVE_STDINT_H 1
| #define HAVE_STRINGS_H 1
| #define HAVE_SYS_STAT_H 1
| #define HAVE_SYS_TYPES_H 1
| #define HAVE_UNISTD_H 1
| #define STDC_HEADERS 1
| #define LT_OBJDIR ".libs/"
| #define SP_PACKAGE_VERSION_MAJOR 0
| #define SP_PACKAGE_VERSION_MINOR 1
| #define SP_PACKAGE_VERSION_MICRO 2
| #define SP_PACKAGE_VERSION_STRING "0.1.2"
| #define SP_LIB_VERSION_CURRENT 1
| #define SP_LIB_VERSION_REVISION 1
| #define SP_LIB_VERSION_AGE 1
| #define SP_LIB_VERSION_STRING "1:1:1"
| #define _FILE_OFFSET_BITS 64
| /* end confdefs.h.  */
| #include <linux/termios.h>
| 
| int
| main (void)
| {
| static struct termios2 ac_aggr;
| if (ac_aggr.c_ospeed)
| return 0;
|   ;
|   return 0;
| }
configure:14275: i686-w64-mingw32-gcc -c -g -O2  conftest.c >&5
conftest.c:29:10: fatal error: linux/termios.h: No such file or directory
   29 | #include <linux/termios.h>
      |          ^~~~~~~~~~~~~~~~~
compilation terminated.
configure:14275: $? = 1
configure: failed program was:
| /* confdefs.h */
| #define PACKAGE_NAME "libserialport"
| #define PACKAGE_TARNAME "libserialport"
| #define PACKAGE_VERSION "0.1.2"
| #define PACKAGE_STRING "libserialport 0.1.2"
| #define PACKAGE_BUGREPORT "martin-libserialport@earth.li"
| #define PACKAGE_URL "http://sigrok.org/wiki/Libserialport"
| #define HAVE_STDIO_H 1
| #define HAVE_STDLIB_H 1
| #define HAVE_STRING_H 1
| #define HAVE_INTTYPES_H 1
| #define HAVE_STDINT_H 1
| #define HAVE_STRINGS_H 1
| #define HAVE_SYS_STAT_H 1
| #define HAVE_SYS_TYPES_H 1
| #define HAVE_UNISTD_H 1
| #define STDC_HEADERS 1
| #define LT_OBJDIR ".libs/"
| #define SP_PACKAGE_VERSION_MAJOR 0
| #define SP_PACKAGE_VERSION_MINOR 1
| #define SP_PACKAGE_VERSION_MICRO 2
| #define SP_PACKAGE_VERSION_STRING "0.1.2"
| #define SP_LIB_VERSION_CURRENT 1
| #define SP_LIB_VERSION_REVISION 1
| #define SP_LIB_VERSION_AGE 1
| #define SP_LIB_VERSION_STRING "1:1:1"
| #define _FILE_OFFSET_BITS 64
| /* end confdefs.h.  */
| #include <linux/termios.h>
| 
| int
| main (void)
| {
| static struct termios2 ac_aggr;
| if (sizeof ac_aggr.c_ospeed)
| return 0;
|   ;
|   return 0;
| }
configure:14275: result: no
configure:14289: checking for i686-w64-mingw32-gcc options needed to detect all undeclared functions
configure:14311: i686-w64-mingw32-gcc -c -g -O2   conftest.c >&5
conftest.c: In function 'main':
conftest.c:33:8: error: 'strchr' undeclared (first use in this function)
   33 | (void) strchr;
      |        ^~~~~~
conftest.c:1:1: note: 'strchr' is defined in header '<string.h>'; did you forget to '#include <string.h>'?
    1 | /* confdefs.h */
conftest.c:33:8: note: each undeclared identifier is reported only once for each function it appears in
   33 | (void) strchr;
      |        ^~~~~~
configure:14311: $? = 1
configure: failed program was:
| /* confdefs.h */
| #define PACKAGE_NAME "libserialport"
| #define PACKAGE_TARNAME "libserialport"
| #define PACKAGE_VERSION "0.1.2"
| #define PACKAGE_STRING "libserialport 0.1.2"
| #define PACKAGE_BUGREPORT "martin-libserialport@earth.li"
| #define PACKAGE_URL "http://sigrok.org/wiki/Libserialport"
| #define HAVE_STDIO_H 1
| #define HAVE_STDLIB_H 1
| #define HAVE_STRING_H 1
| #define HAVE_INTTYPES_H 1
| #define HAVE_STDINT_H 1
| #define HAVE_STRINGS_H 1
| #define HAVE_SYS_STAT_H 1
| #define HAVE_SYS_TYPES_H 1
| #define HAVE_UNISTD_H 1
| #define STDC_HEADERS 1
| #define LT_OBJDIR ".libs/"
| #define SP_PACKAGE_VERSION_MAJOR 0
| #define SP_PACKAGE_VERSION_MINOR 1
| #define SP_PACKAGE_VERSION_MICRO 2
| #define SP_PACKAGE_VERSION_STRING "0.1.2"
| #define SP_LIB_VERSION_CURRENT 1
| #define SP_LIB_VERSION_REVISION 1
| #define SP_LIB_VERSION_AGE 1
| #define SP_LIB_VERSION_STRING "1:1:1"
| #define _FILE_OFFSET_BITS 64
| /* end confdefs.h.  */
| 
| int
| main (void)
| {
| (void) strchr;
|   ;
|   return 0;
| }
configure:14338: i686-w64-mingw32-gcc -c -g -O2   conftest.c >&5
configure:14338: $? = 0
configure:14355: result: none needed
configure:14369: checking whether BOTHER is declared
configure:14369: i686-w64-mingw32-gcc -c -g -O2   conftest.c >&5
conftest.c:29:10: fatal error: linux/termios.h: No such file or directory
   29 | #include <linux/termios.h>
      |          ^~~~~~~~~~~~~~~~~
compilation terminated.
configure:14369: $? = 1
configure: failed program was:
| /* confdefs.h */
| #define PACKAGE_NAME "libserialport"
| #define PACKAGE_TARNAME "libserialport"
| #define PACKAGE_VERSION "0.1.2"
| #define PACKAGE_STRING "libserialport 0.1.2"
| #define PACKAGE_BUGREPORT "martin-libserialport@earth.li"
| #define PACKAGE_URL "http://sigrok.org/wiki/Libserialport"
| #define HAVE_STDIO_H 1
| #define HAVE_STDLIB_H 1
| #define HAVE_STRING_H 1
| #define HAVE_INTTYPES_H 1
| #define HAVE_STDINT_H 1
| #define HAVE_STRINGS_H 1
| #define HAVE_SYS_STAT_H 1
| #define HAVE_SYS_TYPES_H 1
| #define HAVE_UNISTD_H 1
| #define STDC_HEADERS 1
| #define LT_OBJDIR ".libs/"
| #define SP_PACKAGE_VERSION_MAJOR 0
| #define SP_PACKAGE_VERSION_MINOR 1
| #define SP_PACKAGE_VERSION_MICRO 2
| #define SP_PACKAGE_VERSION_STRING "0.1.2"
| #define SP_LIB_VERSION_CURRENT 1
| #define SP_LIB_VERSION_REVISION 1
| #define SP_LIB_VERSION_AGE 1
| #define SP_LIB_VERSION_STRING "1:1:1"
| #define _FILE_OFFSET_BITS 64
| /* end confdefs.h.  */
| #include <linux/termios.h>
| 
| int
| main (void)
| {
| #ifndef BOTHER
| #ifdef __cplusplus
|   (void) BOTHER;
| #else
|   (void) BOTHER;
| #endif
| #endif
| 
|   ;
|   return 0;
| }
configure:14369: result: no
configure:14381: checking for struct serial_struct
configure:14381: i686-w64-mingw32-gcc -c -g -O2  conftest.c >&5
conftest.c:30:10: fatal error: linux/serial.h: No such file or directory
   30 | #include <linux/serial.h>
      |          ^~~~~~~~~~~~~~~~
compilation terminated.
configure:14381: $? = 1
configure: failed program was:
| /* confdefs.h */
| #define PACKAGE_NAME "libserialport"
| #define PACKAGE_TARNAME "libserialport"
| #define PACKAGE_VERSION "0.1.2"
| #define PACKAGE_STRING "libserialport 0.1.2"
| #define PACKAGE_BUGREPORT "martin-libserialport@earth.li"
| #define PACKAGE_URL "http://sigrok.org/wiki/Libserialport"
| #define HAVE_STDIO_H 1
| #define HAVE_STDLIB_H 1
| #define HAVE_STRING_H 1
| #define HAVE_INTTYPES_H 1
| #define HAVE_STDINT_H 1
| #define HAVE_STRINGS_H 1
| #define HAVE_SYS_STAT_H 1
| #define HAVE_SYS_TYPES_H 1
| #define HAVE_UNISTD_H 1
| #define STDC_HEADERS 1
| #define LT_OBJDIR ".libs/"
| #define SP_PACKAGE_VERSION_MAJOR 0
| #define SP_PACKAGE_VERSION_MINOR 1
| #define SP_PACKAGE_VERSION_MICRO 2
| #define SP_PACKAGE_VERSION_STRING "0.1.2"
| #define SP_LIB_VERSION_CURRENT 1
| #define SP_LIB_VERSION_REVISION 1
| #define SP_LIB_VERSION_AGE 1
| #define SP_LIB_VERSION_STRING "1:1:1"
| #define _FILE_OFFSET_BITS 64
| #define HAVE_DECL_BOTHER 0
| /* end confdefs.h.  */
| #include <linux/serial.h>
| 
| int
| main (void)
| {
| if (sizeof (struct serial_struct))
| 	 return 0;
|   ;
|   return 0;
| }
configure:14381: result: no
configure:14393: checking for realpath
configure:14393: i686-w64-mingw32-gcc -o conftest.exe -g -O2   conftest.c  >&5
/usr/bin/i686-w64-mingw32-ld: /tmp/ccxaSN6t.o: in function `main':
/home/usagipc/Documents/GitHub/GB_Duino/libserialport/conftest.c:57: undefined reference to `realpath'
collect2: error: ld returned 1 exit status
configure:14393: $? = 1
configure: failed program was:
| /* confdefs.h */
| #define PACKAGE_NAME "libserialport"
| #define PACKAGE_TARNAME "libserialport"
| #define PACKAGE_VERSION "0.1.2"
| #define PACKAGE_STRING "libserialport 0.1.2"
| #define PACKAGE_BUGREPORT "martin-libserialport@earth.li"
| #define PACKAGE_URL "http://sigrok.org/wiki/Libserialport"
| #define HAVE_STDIO_H 1
| #define HAVE_STDLIB_H 1
| #define HAVE_STRING_H 1
| #define HAVE_INTTYPES_H 1
| #define HAVE_STDINT_H 1
| #define HAVE_STRINGS_H 1
| #define HAVE_SYS_STAT_H 1
| #define HAVE_SYS_TYPES_H 1
| #define HAVE_UNISTD_H 1
| #define STDC_HEADERS 1
| #define LT_OBJDIR ".libs/"
| #define SP_PACKAGE_VERSION_MAJOR 0
| #define SP_PACKAGE_VERSION_MINOR 1
| #define SP_PACKAGE_VERSION_MICRO 2
| #define SP_PACKAGE_VERSION_STRING "0.1.2"
| #define SP_LIB_VERSION_CURRENT 1
| #define SP_LIB_VERSION_REVISION 1
| #define SP_LIB_VERSION_AGE 1
| #define SP_LIB_VERSION_STRING "1:1:1"
| #define _FILE_OFFSET_BITS 64
| #define HAVE_DECL_BOTHER 0
| /* end confdefs.h.  */
| /* Define realpath to an innocuous variant, in case <limits.h> declares realpath.
|    For example, HP-UX 11i <limits.h> declares gettimeofday.  */
| #define realpath innocuous_realpath
| 
| /* System header to define __stub macros and hopefully few prototypes,
|    which can conflict with char realpath (); below.  */
| 
| #include <limits.h>
| #undef realpath
| 
| /* Override any GCC internal prototype to avoid an error.
|    Use char because int might match the return type of a GCC
|    builtin and then its argument prototype would still apply.  */
| #ifdef __cplusplus
| extern "C"
| #endif
| char realpath ();
| /* The GNU C library defines this for functions which it implements
|     to always fail with ENOSYS.  Some functions are actually named
|     something starting with __ and the normal name is an alias.  */
| #if defined __stub_realpath || defined __stub___realpath
| choke me
| #endif
| 
| int
| main (void)
| {
| return realpath ();
|   ;
|   return 0;
| }
configure:14393: result: no
configure:14403: checking for sys/file.h
configure:14403: i686-w64-mingw32-gcc -c -g -O2  conftest.c >&5
configure:14403: $? = 0
configure:14403: result: yes
configure:14411: checking for flock
configure:14411: i686-w64-mingw32-gcc -o conftest.exe -g -O2   conftest.c  >&5
/usr/bin/i686-w64-mingw32-ld: /tmp/ccKia01g.o: in function `main':
/home/usagipc/Documents/GitHub/GB_Duino/libserialport/conftest.c:58: undefined reference to `flock'
collect2: error: ld returned 1 exit status
configure:14411: $? = 1
configure: failed program was:
| /* confdefs.h */
| #define PACKAGE_NAME "libserialport"
| #define PACKAGE_TARNAME "libserialport"
| #define PACKAGE_VERSION "0.1.2"
| #define PACKAGE_STRING "libserialport 0.1.2"
| #define PACKAGE_BUGREPORT "martin-libserialport@earth.li"
| #define PACKAGE_URL "http://sigrok.org/wiki/Libserialport"
| #define HAVE_STDIO_H 1
| #define HAVE_STDLIB_H 1
| #define HAVE_STRING_H 1
| #define HAVE_INTTYPES_H 1
| #define HAVE_STDINT_H 1
| #define HAVE_STRINGS_H 1
| #define HAVE_SYS_STAT_H 1
| #define HAVE_SYS_TYPES_H 1
| #define HAVE_UNISTD_H 1
| #define STDC_HEADERS 1
| #define LT_OBJDIR ".libs/"
| #define SP_PACKAGE_VERSION_MAJOR 0
| #define SP_PACKAGE_VERSION_MINOR 1
| #define SP_PACKAGE_VERSION_MICRO 2
| #define SP_PACKAGE_VERSION_STRING "0.1.2"
| #define SP_LIB_VERSION_CURRENT 1
| #define SP_LIB_VERSION_REVISION 1
| #define SP_LIB_VERSION_AGE 1
| #define SP_LIB_VERSION_STRING "1:1:1"
| #define _FILE_OFFSET_BITS 64
| #define HAVE_DECL_BOTHER 0
| #define HAVE_SYS_FILE_H 1
| /* end confdefs.h.  */
| /* Define flock to an innocuous variant, in case <limits.h> declares flock.
|    For example, HP-UX 11i <limits.h> declares gettimeofday.  */
| #define flock innocuous_flock
| 
| /* System header to define __stub macros and hopefully few prototypes,
|    which can conflict with char flock (); below.  */
| 
| #include <limits.h>
| #undef flock
| 
| /* Override any GCC internal prototype to avoid an error.
|    Use char because int might match the return type of a GCC
|    builtin and then its argument prototype would still apply.  */
| #ifdef __cplusplus
| extern "C"
| #endif
| char flock ();
| /* The GNU C library defines this for functions which it implements
|     to always fail with ENOSYS.  Some functions are actually named
|     something starting with __ and the normal name is an alias.  */
| #if defined __stub_flock || defined __stub___flock
| choke me
| #endif
| 
| int
| main (void)
| {
| return flock ();
|   ;
|   return 0;
| }
configure:14411: result: no
configure:14421: checking for clock_gettime
configure:14421: i686-w64-mingw32-gcc -o conftest.exe -g -O2   conftest.c  >&5
/usr/bin/i686-w64-mingw32-ld: /tmp/ccNJE1Se.o: in function `main':
/home/usagipc/Documents/GitHub/GB_Duino/libserialport/conftest.c:58: undefined reference to `clock_gettime'
collect2: error: ld returned 1 exit status
configure:14421: $? = 1
configure: failed program was:
| /* confdefs.h */
| #define PACKAGE_NAME "libserialport"
| #define PACKAGE_TARNAME "libserialport"
| #define PACKAGE_VERSION "0.1.2"
| #define PACKAGE_STRING "libserialport 0.1.2"
| #define PACKAGE_BUGREPORT "martin-libserialport@earth.li"
| #define PACKAGE_URL "http://sigrok.org/wiki/Libserialport"
| #define HAVE_STDIO_H 1
| #define HAVE_STDLIB_H 1
| #define HAVE_STRING_H 1
| #define HAVE_INTTYPES_H 1
| #define HAVE_STDINT_H 1
| #define HAVE_STRINGS_H 1
| #define HAVE_SYS_STAT_H 1
| #define HAVE_SYS_TYPES_H 1
| #define HAVE_UNISTD_H 1
| #define STDC_HEADERS 1
| #define LT_OBJDIR ".libs/"
| #define SP_PACKAGE_VERSION_MAJOR 0
| #define SP_PACKAGE_VERSION_MINOR 1
| #define SP_PACKAGE_VERSION_MICRO 2
| #define SP_PACKAGE_VERSION_STRING "0.1.2"
| #define SP_LIB_VERSION_CURRENT 1
| #define SP_LIB_VERSION_REVISION 1
| #define SP_LIB_VERSION_AGE 1
| #define SP_LIB_VERSION_STRING "1:1:1"
| #define _FILE_OFFSET_BITS 64
| #define HAVE_DECL_BOTHER 0
| #define HAVE_SYS_FILE_H 1
| /* end confdefs.h.  */
| /* Define clock_gettime to an innocuous variant, in case <limits.h> declares clock_gettime.
|    For example, HP-UX 11i <limits.h> declares gettimeofday.  */
| #define clock_gettime innocuous_clock_gettime
| 
| /* System header to define __stub macros and hopefully few prototypes,
|    which can conflict with char clock_gettime (); below.  */
| 
| #include <limits.h>
| #undef clock_gettime
| 
| /* Override any GCC internal prototype to avoid an error.
|    Use char because int might match the return type of a GCC
|    builtin and then its argument prototype would still apply.  */
| #ifdef __cplusplus
| extern "C"
| #endif
| char clock_gettime ();
| /* The GNU C library defines this for functions which it implements
|     to always fail with ENOSYS.  Some functions are actually named
|     something starting with __ and the normal name is an alias.  */
| #if defined __stub_clock_gettime || defined __stub___clock_gettime
| choke me
| #endif
| 
| int
| main (void)
| {
| return clock_gettime ();
|   ;
|   return 0;
| }
configure:14421: result: no
configure:14430: checking for visibility control
configure:14443: i686-w64-mingw32-gcc -c -g -O2 -Werror  conftest.c >&5
conftest.c: In function 'foo':
conftest.c:31:55: error: visibility attribute not supported in this configuration; ignored [-Werror=attributes]
   31 | __attribute__((visibility("hidden"))) void foo(void) {}
      |                                                       ^
cc1: all warnings being treated as errors
configure:14443: $? = 1
configure: failed program was:
| /* confdefs.h */
| #define PACKAGE_NAME "libserialport"
| #define PACKAGE_TARNAME "libserialport"
| #define PACKAGE_VERSION "0.1.2"
| #define PACKAGE_STRING "libserialport 0.1.2"
| #define PACKAGE_BUGREPORT "martin-libserialport@earth.li"
| #define PACKAGE_URL "http://sigrok.org/wiki/Libserialport"
| #define HAVE_STDIO_H 1
| #define HAVE_STDLIB_H 1
| #define HAVE_STRING_H 1
| #define HAVE_INTTYPES_H 1
| #define HAVE_STDINT_H 1
| #define HAVE_STRINGS_H 1
| #define HAVE_SYS_STAT_H 1
| #define HAVE_SYS_TYPES_H 1
| #define HAVE_UNISTD_H 1
| #define STDC_HEADERS 1
| #define LT_OBJDIR ".libs/"
| #define SP_PACKAGE_VERSION_MAJOR 0
| #define SP_PACKAGE_VERSION_MINOR 1
| #define SP_PACKAGE_VERSION_MICRO 2
| #define SP_PACKAGE_VERSION_STRING "0.1.2"
| #define SP_LIB_VERSION_CURRENT 1
| #define SP_LIB_VERSION_REVISION 1
| #define SP_LIB_VERSION_AGE 1
| #define SP_LIB_VERSION_STRING "1:1:1"
| #define _FILE_OFFSET_BITS 64
| #define HAVE_DECL_BOTHER 0
| #define HAVE_SYS_FILE_H 1
| /* end confdefs.h.  */
| __attribute__((visibility("hidden"))) void foo(void) {}
configure:14451: i686-w64-mingw32-gcc -c -g -O2 -Werror  conftest.c >&5
configure:14451: $? = 0
configure:14463: result: declspec
configure:14585: checking that generated files are newer than configure
configure:14591: result: done
configure:14634: creating ./config.status

## ---------------------- ##
## Running config.status. ##
## ---------------------- ##

This file was extended by libserialport config.status 0.1.2, which was
generated by GNU Autoconf 2.71.  Invocation command line was

  CONFIG_FILES    = 
  CONFIG_HEADERS  = 
  CONFIG_LINKS    = 
  CONFIG_COMMANDS = 
  $ ./config.status 

on usagipc

config.status:1119: creating Makefile
config.status:1119: creating libserialport.pc
config.status:1119: creating config.h
config.status:1300: config.h is unchanged
config.status:1348: executing depfiles commands
config.status:1425: cd .       && sed -e '/# am--include-marker/d' Makefile         | make -f - am--depfiles
make: Nothing to be done for 'am--depfiles'.
config.status:1430: $? = 0
config.status:1348: executing libtool commands

## ---------------- ##
## Cache variables. ##
## ---------------- ##

ac_cv_build=x86_64-pc-linux-gnu
ac_cv_c_compiler_gnu=yes
ac_cv_c_undeclared_builtin_options='none needed'
ac_cv_env_CC_set=
ac_cv_env_CC_value=
ac_cv_env_CFLAGS_set=
ac_cv_env_CFLAGS_value=
ac_cv_env_CPPFLAGS_set=
ac_cv_env_CPPFLAGS_value=
ac_cv_env_LDFLAGS_set=
ac_cv_env_LDFLAGS_value=
ac_cv_env_LIBS_set=
ac_cv_env_LIBS_value=
ac_cv_env_LT_SYS_LIBRARY_PATH_set=
ac_cv_env_LT_SYS_LIBRARY_PATH_value=
ac_cv_env_build_alias_set=
ac_cv_env_build_alias_value=
ac_cv_env_host_alias_set=set
ac_cv_env_host_alias_value=i686-w64-mingw32
ac_cv_env_target_alias_set=
ac_cv_env_target_alias_value=
ac_cv_exeext=.exe
ac_cv_func_clock_gettime=no
ac_cv_func_flock=no
ac_cv_func_realpath=no
ac_cv_have_decl_BOTHER=no
ac_cv_header_dlfcn_h=no
ac_cv_header_inttypes_h=yes
ac_cv_header_stdint_h=yes
ac_cv_header_stdio_h=yes
ac_cv_header_stdlib_h=yes
ac_cv_header_string_h=yes
ac_cv_header_strings_h=yes
ac_cv_header_sys_file_h=yes
ac_cv_header_sys_stat_h=yes
ac_cv_header_sys_types_h=yes
ac_cv_header_unistd_h=yes
ac_cv_host=i686-w64-mingw32
ac_cv_member_struct_termios2_c_ispeed=no
ac_cv_member_struct_termios2_c_ospeed=no
ac_cv_member_struct_termios_c_ispeed=no
ac_cv_member_struct_termios_c_ospeed=no
ac_cv_objext=o
ac_cv_path_EGREP='/usr/bin/grep -E'
ac_cv_path_FGREP='/usr/bin/grep -F'
ac_cv_path_GREP=/usr/bin/grep
ac_cv_path_SED=/usr/bin/sed
ac_cv_path_install='/usr/bin/install -c'
ac_cv_path_lt_DD=/usr/bin/dd
ac_cv_path_mkdir=/usr/bin/mkdir
ac_cv_prog_AR=i686-w64-mingw32-ar
ac_cv_prog_AWK=gawk
ac_cv_prog_CC=i686-w64-mingw32-gcc
ac_cv_prog_DLLTOOL=i686-w64-mingw32-dlltool
ac_cv_prog_OBJDUMP=i686-w64-mingw32-objdump
ac_cv_prog_RANLIB=i686-w64-mingw32-ranlib
ac_cv_prog_STRIP=i686-w64-mingw32-strip
ac_cv_prog_ac_ct_FILECMD=file
ac_cv_prog_ac_ct_MANIFEST_TOOL=mt
ac_cv_prog_cc_c11=
ac_cv_prog_cc_g=yes
ac_cv_prog_cc_stdc=
ac_cv_prog_make_make_set=yes
ac_cv_sys_file_offset_bits=64
ac_cv_sys_largefile_CC=no
ac_cv_type_size_t=yes
ac_cv_type_struct_serial_struct=no
ac_cv_type_struct_termios2=no
am_cv_CC_dependencies_compiler_type=gcc3
am_cv_ar_interface=ar
am_cv_make_support_nested_variables=yes
am_cv_prog_cc_c_o=yes
lt_cv_ar_at_file=@
lt_cv_deplibs_check_method='file_magic ^x86 archive import|^x86 DLL'
lt_cv_file_magic_cmd=func_win32_libid
lt_cv_file_magic_test_file=
lt_cv_ld_reload_flag=-r
lt_cv_nm_interface='BSD nm'
lt_cv_objdir=.libs
lt_cv_path_LD=/usr/bin/i686-w64-mingw32-ld
lt_cv_path_NM='/usr/bin/i686-w64-mingw32-nm -B'
lt_cv_path_mainfest_tool=no
lt_cv_prog_compiler_c_o=yes
lt_cv_prog_compiler_pic='-DDLL_EXPORT -DPIC'
lt_cv_prog_compiler_pic_works=yes
lt_cv_prog_compiler_rtti_exceptions=no
lt_cv_prog_compiler_static_works=yes
lt_cv_prog_gnu_ld=yes
lt_cv_sharedlib_from_linklib_cmd=func_cygming_dll_for_implib
lt_cv_sys_global_symbol_pipe='/usr/bin/sed -n -e '\''s/^.*[	 ]\([ABCDGIRSTW][ABCDGIRSTW]*\)[	 ][	 ]*_\([_A-Za-z][_A-Za-z0-9]*\)$/\1 _\2 \2/p'\'' | /usr/bin/sed '\''/ __gnu_lto/d'\'''
lt_cv_sys_global_symbol_to_c_name_address='/usr/bin/sed -n -e '\''s/^: \(.*\) .*$/  {"\1", (void *) 0},/p'\'' -e '\''s/^[ABCDGIRSTW][ABCDGIRSTW]* .* \(.*\)$/  {"\1", (void *) \&\1},/p'\'''
lt_cv_sys_global_symbol_to_c_name_address_lib_prefix='/usr/bin/sed -n -e '\''s/^: \(.*\) .*$/  {"\1", (void *) 0},/p'\'' -e '\''s/^[ABCDGIRSTW][ABCDGIRSTW]* .* \(lib.*\)$/  {"\1", (void *) \&\1},/p'\'' -e '\''s/^[ABCDGIRSTW][ABCDGIRSTW]* .* \(.*\)$/  {"lib\1", (void *) \&\1},/p'\'''
lt_cv_sys_global_symbol_to_cdecl='/usr/bin/sed -n -e '\''s/^T .* \(.*\)$/extern int \1();/p'\'' -e '\''s/^[ABCDGIRSTW][ABCDGIRSTW]* .* \(.*\)$/extern char \1;/p'\'''
lt_cv_sys_global_symbol_to_import=
lt_cv_sys_max_cmd_len=1572864
lt_cv_to_host_file_cmd=func_convert_file_nix_to_w32
lt_cv_to_tool_file_cmd=func_convert_file_noop
lt_cv_truncate_bin='/usr/bin/dd bs=4096 count=1'
sp_cv_visibility_control=declspec

## ----------------- ##
## Output variables. ##
## ----------------- ##

ACLOCAL='${SHELL} '\''/home/usagipc/Documents/GitHub/GB_Duino/libserialport/autostuff/missing'\'' aclocal-1.16'
AMDEPBACKSLASH='\'
AMDEP_FALSE='#'
AMDEP_TRUE=''
AMTAR='$${TAR-tar}'
AM_BACKSLASH='\'
AM_DEFAULT_V='$(AM_DEFAULT_VERBOSITY)'
AM_DEFAULT_VERBOSITY='0'
AM_V='$(V)'
AR='i686-w64-mingw32-ar'
AUTOCONF='${SHELL} '\''/home/usagipc/Documents/GitHub/GB_Duino/libserialport/autostuff/missing'\'' autoconf'
AUTOHEADER='${SHELL} '\''/home/usagipc/Documents/GitHub/GB_Duino/libserialport/autostuff/missing'\'' autoheader'
AUTOMAKE='${SHELL} '\''/home/usagipc/Documents/GitHub/GB_Duino/libserialport/autostuff/missing'\'' automake-1.16'
AWK='gawk'
CC='i686-w64-mingw32-gcc'
CCDEPMODE='depmode=gcc3'
CFLAGS='-g -O2'
CPPFLAGS=''
CSCOPE='cscope'
CTAGS='ctags'
CYGPATH_W='echo'
DEFS='-DHAVE_CONFIG_H'
DEPDIR='.deps'
DLLTOOL='i686-w64-mingw32-dlltool'
DSYMUTIL=''
DUMPBIN=''
ECHO_C=''
ECHO_N='-n'
ECHO_T=''
EGREP='/usr/bin/grep -E'
ETAGS='etags'
EXEEXT='.exe'
FGREP='/usr/bin/grep -F'
FILECMD='file'
FREEBSD_FALSE=''
FREEBSD_TRUE='#'
GREP='/usr/bin/grep'
INSTALL_DATA='${INSTALL} -m 644'
INSTALL_PROGRAM='${INSTALL}'
INSTALL_SCRIPT='${INSTALL}'
INSTALL_STRIP_PROGRAM='$(install_sh) -c -s'
LD='/usr/bin/i686-w64-mingw32-ld'
LDFLAGS=''
LIBOBJS=''
LIBS=''
LIBTOOL='$(SHELL) $(top_builddir)/libtool'
LINUX_FALSE=''
LINUX_TRUE='#'
LIPO=''
LN_S='ln -s'
LTLIBOBJS=''
LT_SYS_LIBRARY_PATH=''
MACOSX_FALSE=''
MACOSX_TRUE='#'
MAKEINFO='${SHELL} '\''/home/usagipc/Documents/GitHub/GB_Duino/libserialport/autostuff/missing'\'' makeinfo'
MANIFEST_TOOL=':'
MKDIR_P='/usr/bin/mkdir -p'
NM='/usr/bin/i686-w64-mingw32-nm -B'
NMEDIT=''
OBJDUMP='i686-w64-mingw32-objdump'
OBJEXT='o'
OTOOL64=''
OTOOL=''
PACKAGE='libserialport'
PACKAGE_BUGREPORT='martin-libserialport@earth.li'
PACKAGE_NAME='libserialport'
PACKAGE_STRING='libserialport 0.1.2'
PACKAGE_TARNAME='libserialport'
PACKAGE_URL='http://sigrok.org/wiki/Libserialport'
PACKAGE_VERSION='0.1.2'
PATH_SEPARATOR=':'
RANLIB='i686-w64-mingw32-ranlib'
SED='/usr/bin/sed'
SET_MAKE=''
SHELL='/bin/bash'
SP_LIBS='-lsetupapi'
SP_LIB_VERSION='1:1:1'
SP_PACKAGE_VERSION='0.1.2'
SP_PKGLIBS=''
STRIP='i686-w64-mingw32-strip'
VERSION='0.1.2'
WIN32_FALSE='#'
WIN32_TRUE=''
ac_ct_AR=''
ac_ct_CC=''
ac_ct_DUMPBIN=''
am__EXEEXT_FALSE='#'
am__EXEEXT_TRUE=''
am__fastdepCC_FALSE='#'
am__fastdepCC_TRUE=''
am__include='include'
am__isrc=''
am__leading_dot='.'
am__nodep='_no'
am__quote=''
am__tar='$${TAR-tar} chof - "$$tardir"'
am__untar='$${TAR-tar} xf -'
bindir='${exec_prefix}/bin'
build='x86_64-pc-linux-gnu'
build_alias=''
build_cpu='x86_64'
build_os='linux-gnu'
build_vendor='pc'
datadir='${datarootdir}'
datarootdir='${prefix}/share'
docdir='${datarootdir}/doc/${PACKAGE_TARNAME}'
dvidir='${docdir}'
exec_prefix='${prefix}'
host='i686-w64-mingw32'
host_alias='i686-w64-mingw32'
host_cpu='i686'
host_os='mingw32'
host_vendor='w64'
htmldir='${docdir}'
includedir='${prefix}/include'
infodir='${datarootdir}/info'
install_sh='${SHELL} /home/usagipc/Documents/GitHub/GB_Duino/libserialport/autostuff/install-sh'
libdir='${exec_prefix}/lib'
libexecdir='${exec_prefix}/libexec'
localedir='${datarootdir}/locale'
localstatedir='${prefix}/var'
mandir='${datarootdir}/man'
mkdir_p='$(MKDIR_P)'
oldincludedir='/usr/include'
pdfdir='${docdir}'
prefix='/usr/local'
program_transform_name='s,x,x,'
psdir='${docdir}'
runstatedir='${localstatedir}/run'
sbindir='${exec_prefix}/sbin'
sharedstatedir='${prefix}/com'
sysconfdir='${prefix}/etc'
target_alias=''

## ----------- ##
## confdefs.h. ##
## ----------- ##

/* confdefs.h */
#define PACKAGE_NAME "libserialport"
#define PACKAGE_TARNAME "libserialport"
#define PACKAGE_VERSION "0.1.2"
#define PACKAGE_STRING "libserialport 0.1.2"
#define PACKAGE_BUGREPORT "martin-libserialport@earth.li"
#define PACKAGE_URL "http://sigrok.org/wiki/Libserialport"
#define HAVE_STDIO_H 1
#define HAVE_STDLIB_H 1
#define HAVE_STRING_H 1
#define HAVE_INTTYPES_H 1
#define HAVE_STDINT_H 1
#define HAVE_STRINGS_H 1
#define HAVE_SYS_STAT_H 1
#define HAVE_SYS_TYPES_H 1
#define HAVE_UNISTD_H 1
#define STDC_HEADERS 1
#define LT_OBJDIR ".libs/"
#define SP_PACKAGE_VERSION_MAJOR 0
#define SP_PACKAGE_VERSION_MINOR 1
#define SP_PACKAGE_VERSION_MICRO 2
#define SP_PACKAGE_VERSION_STRING "0.1.2"
#define SP_LIB_VERSION_CURRENT 1
#define SP_LIB_VERSION_REVISION 1
#define SP_LIB_VERSION_AGE 1
#define SP_LIB_VERSION_STRING "1:1:1"
#define _FILE_OFFSET_BITS 64
#define HAVE_DECL_BOTHER 0
#define HAVE_SYS_FILE_H 1
#define SP_API __declspec(dllexport)
#define SP_PRIV 

configure: exit 0
